<?xml version="1.0" ?>
<coverage version="7.16.0" timestamp="1789655673945" lines-valid="1965" lines-covered="950" line-rate="0.4835" branches-covered="0" branches-valid="0" branch-rate="0" complexity="0">
	<!-- Generated by coverage.py: https://coverage.readthedocs.io/en/7.16.0 -->
	<!-- Based on https://raw.githubusercontent.com/cobertura/web/master/htdocs/xml/coverage-04.dtd -->
	<sources>
		<source>/home/runner/work/leishref/leishref/leishref</source>
	</sources>
	<packages>
		<package name="." line-rate="0.4835" branch-rate="0" complexity="0">
			<classes>
				<class name="__init__.py" filename="__init__.py" complexity="0" line-rate="1" branch-rate="0">
					<methods/>
					<lines>
						<line number="3" hits="1"/>
					</lines>
				</class>
				<class name="agp.py" filename="agp.py" complexity="0" line-rate="0" branch-rate="0">
					<methods/>
					<lines>
						<line number="8" hits="0"/>
						<line number="9" hits="0"/>
						<line number="10" hits="0"/>
						<line number="11" hits="0"/>
						<line number="12" hits="0"/>
						<line number="14" hits="0"/>
						<line number="17" hits="0"/>
						<line number="18" hits="0"/>
						<line number="21" hits="0"/>
						<line number="23" hits="0"/>
						<line number="24" hits="0"/>
						<line number="25" hits="0"/>
						<line number="26" hits="0"/>
						<line number="27" hits="0"/>
						<line number="28" hits="0"/>
						<line number="29" hits="0"/>
						<line number="30" hits="0"/>
						<line number="31" hits="0"/>
						<line number="32" hits="0"/>
						<line number="34" hits="0"/>
						<line number="35" hits="0"/>
						<line number="36" hits="0"/>
						<line number="37" hits="0"/>
						<line number="40" hits="0"/>
						<line number="41" hits="0"/>
						<line number="42" hits="0"/>
						<line number="43" hits="0"/>
						<line number="44" hits="0"/>
						<line number="45" hits="0"/>
						<line number="46" hits="0"/>
						<line number="47" hits="0"/>
						<line number="48" hits="0"/>
						<line number="51" hits="0"/>
						<line number="52" hits="0"/>
						<line number="55" hits="0"/>
						<line number="56" hits="0"/>
						<line number="57" hits="0"/>
						<line number="60" hits="0"/>
						<line number="63" hits="0"/>
						<line number="64" hits="0"/>
						<line number="65" hits="0"/>
						<line number="66" hits="0"/>
						<line number="67" hits="0"/>
						<line number="68" hits="0"/>
						<line number="69" hits="0"/>
						<line number="70" hits="0"/>
						<line number="71" hits="0"/>
						<line number="72" hits="0"/>
						<line number="73" hits="0"/>
						<line number="76" hits="0"/>
						<line number="78" hits="0"/>
						<line number="79" hits="0"/>
						<line number="80" hits="0"/>
						<line number="81" hits="0"/>
						<line number="82" hits="0"/>
						<line number="83" hits="0"/>
						<line number="84" hits="0"/>
						<line number="85" hits="0"/>
						<line number="86" hits="0"/>
						<line number="89" hits="0"/>
						<line number="92" hits="0"/>
						<line number="93" hits="0"/>
						<line number="94" hits="0"/>
						<line number="95" hits="0"/>
						<line number="96" hits="0"/>
						<line number="97" hits="0"/>
						<line number="98" hits="0"/>
						<line number="99" hits="0"/>
						<line number="100" hits="0"/>
						<line number="101" hits="0"/>
						<line number="102" hits="0"/>
						<line number="104" hits="0"/>
						<line number="106" hits="0"/>
						<line number="107" hits="0"/>
						<line number="110" hits="0"/>
						<line number="112" hits="0"/>
						<line number="113" hits="0"/>
						<line number="114" hits="0"/>
						<line number="115" hits="0"/>
						<line number="116" hits="0"/>
						<line number="117" hits="0"/>
						<line number="118" hits="0"/>
						<line number="119" hits="0"/>
						<line number="120" hits="0"/>
						<line number="121" hits="0"/>
						<line number="124" hits="0"/>
						<line number="130" hits="0"/>
						<line number="131" hits="0"/>
						<line number="132" hits="0"/>
						<line number="133" hits="0"/>
						<line number="134" hits="0"/>
						<line number="135" hits="0"/>
						<line number="136" hits="0"/>
						<line number="137" hits="0"/>
						<line number="138" hits="0"/>
						<line number="139" hits="0"/>
						<line number="140" hits="0"/>
						<line number="141" hits="0"/>
						<line number="144" hits="0"/>
						<line number="153" hits="0"/>
						<line number="154" hits="0"/>
						<line number="155" hits="0"/>
						<line number="156" hits="0"/>
						<line number="157" hits="0"/>
						<line number="158" hits="0"/>
						<line number="160" hits="0"/>
						<line number="162" hits="0"/>
						<line number="163" hits="0"/>
						<line number="164" hits="0"/>
						<line number="166" hits="0"/>
						<line number="167" hits="0"/>
						<line number="168" hits="0"/>
						<line number="169" hits="0"/>
						<line number="170" hits="0"/>
						<line number="171" hits="0"/>
						<line number="173" hits="0"/>
						<line number="176" hits="0"/>
						<line number="184" hits="0"/>
						<line number="185" hits="0"/>
						<line number="186" hits="0"/>
						<line number="187" hits="0"/>
						<line number="188" hits="0"/>
						<line number="190" hits="0"/>
						<line number="191" hits="0"/>
						<line number="192" hits="0"/>
						<line number="193" hits="0"/>
						<line number="195" hits="0"/>
						<line number="197" hits="0"/>
						<line number="200" hits="0"/>
						<line number="202" hits="0"/>
						<line number="203" hits="0"/>
						<line number="204" hits="0"/>
						<line number="206" hits="0"/>
						<line number="207" hits="0"/>
						<line number="208" hits="0"/>
						<line number="209" hits="0"/>
						<line number="210" hits="0"/>
						<line number="211" hits="0"/>
						<line number="212" hits="0"/>
						<line number="213" hits="0"/>
						<line number="214" hits="0"/>
						<line number="215" hits="0"/>
						<line number="216" hits="0"/>
						<line number="219" hits="0"/>
						<line number="220" hits="0"/>
						<line number="223" hits="0"/>
						<line number="224" hits="0"/>
						<line number="225" hits="0"/>
						<line number="226" hits="0"/>
						<line number="227" hits="0"/>
						<line number="228" hits="0"/>
						<line number="231" hits="0"/>
						<line number="233" hits="0"/>
						<line number="234" hits="0"/>
						<line number="236" hits="0"/>
						<line number="237" hits="0"/>
						<line number="239" hits="0"/>
						<line number="240" hits="0"/>
						<line number="241" hits="0"/>
						<line number="242" hits="0"/>
						<line number="243" hits="0"/>
						<line number="244" hits="0"/>
						<line number="246" hits="0"/>
						<line number="263" hits="0"/>
						<line number="266" hits="0"/>
						<line number="267" hits="0"/>
						<line number="270" hits="0"/>
						<line number="276" hits="0"/>
						<line number="277" hits="0"/>
						<line number="278" hits="0"/>
						<line number="279" hits="0"/>
						<line number="280" hits="0"/>
						<line number="281" hits="0"/>
						<line number="282" hits="0"/>
						<line number="283" hits="0"/>
						<line number="284" hits="0"/>
						<line number="285" hits="0"/>
						<line number="286" hits="0"/>
						<line number="287" hits="0"/>
						<line number="289" hits="0"/>
						<line number="290" hits="0"/>
						<line number="291" hits="0"/>
						<line number="292" hits="0"/>
						<line number="293" hits="0"/>
						<line number="294" hits="0"/>
						<line number="297" hits="0"/>
						<line number="298" hits="0"/>
					</lines>
				</class>
				<class name="checksums.py" filename="checksums.py" complexity="0" line-rate="0.9661" branch-rate="0">
					<methods/>
					<lines>
						<line number="3" hits="1"/>
						<line number="4" hits="1"/>
						<line number="5" hits="1"/>
						<line number="8" hits="1"/>
						<line number="10" hits="1"/>
						<line number="11" hits="1"/>
						<line number="12" hits="1"/>
						<line number="13" hits="1"/>
						<line number="14" hits="1"/>
						<line number="15" hits="1"/>
						<line number="18" hits="1"/>
						<line number="21" hits="1"/>
						<line number="22" hits="1"/>
						<line number="23" hits="1"/>
						<line number="24" hits="1"/>
						<line number="25" hits="1"/>
						<line number="26" hits="1"/>
						<line number="27" hits="1"/>
						<line number="28" hits="1"/>
						<line number="29" hits="0"/>
						<line number="32" hits="1"/>
						<line number="34" hits="1"/>
						<line number="35" hits="1"/>
						<line number="36" hits="1"/>
						<line number="37" hits="1"/>
						<line number="38" hits="1"/>
						<line number="39" hits="1"/>
						<line number="40" hits="1"/>
						<line number="41" hits="1"/>
						<line number="42" hits="1"/>
						<line number="44" hits="1"/>
						<line number="45" hits="1"/>
						<line number="46" hits="1"/>
						<line number="49" hits="1"/>
						<line number="60" hits="1"/>
						<line number="62" hits="1"/>
						<line number="63" hits="1"/>
						<line number="64" hits="1"/>
						<line number="66" hits="1"/>
						<line number="67" hits="1"/>
						<line number="68" hits="0"/>
						<line number="69" hits="1"/>
						<line number="70" hits="1"/>
						<line number="71" hits="1"/>
						<line number="72" hits="1"/>
						<line number="73" hits="1"/>
						<line number="75" hits="1"/>
						<line number="76" hits="1"/>
						<line number="77" hits="1"/>
						<line number="78" hits="1"/>
						<line number="79" hits="1"/>
						<line number="80" hits="1"/>
						<line number="81" hits="1"/>
						<line number="82" hits="1"/>
						<line number="83" hits="1"/>
						<line number="85" hits="1"/>
						<line number="86" hits="1"/>
						<line number="87" hits="1"/>
						<line number="89" hits="1"/>
					</lines>
				</class>
				<class name="chromosomes.py" filename="chromosomes.py" complexity="0" line-rate="0.7105" branch-rate="0">
					<methods/>
					<lines>
						<line number="3" hits="1"/>
						<line number="4" hits="1"/>
						<line number="5" hits="1"/>
						<line number="7" hits="1"/>
						<line number="10" hits="1"/>
						<line number="15" hits="1"/>
						<line number="16" hits="1"/>
						<line number="18" hits="1"/>
						<line number="20" hits="1"/>
						<line number="21" hits="1"/>
						<line number="22" hits="0"/>
						<line number="24" hits="1"/>
						<line number="25" hits="1"/>
						<line number="28" hits="1"/>
						<line number="30" hits="1"/>
						<line number="31" hits="1"/>
						<line number="33" hits="1"/>
						<line number="35" hits="1"/>
						<line number="36" hits="1"/>
						<line number="38" hits="1"/>
						<line number="39" hits="1"/>
						<line number="42" hits="1"/>
						<line number="47" hits="1"/>
						<line number="48" hits="1"/>
						<line number="51" hits="1"/>
						<line number="56" hits="0"/>
						<line number="57" hits="0"/>
						<line number="59" hits="0"/>
						<line number="60" hits="0"/>
						<line number="61" hits="0"/>
						<line number="62" hits="0"/>
						<line number="68" hits="0"/>
						<line number="69" hits="0"/>
						<line number="70" hits="0"/>
						<line number="72" hits="0"/>
						<line number="75" hits="1"/>
						<line number="91" hits="1"/>
						<line number="93" hits="1"/>
						<line number="95" hits="0"/>
						<line number="96" hits="0"/>
						<line number="97" hits="0"/>
						<line number="100" hits="0"/>
						<line number="101" hits="0"/>
						<line number="102" hits="0"/>
						<line number="105" hits="1"/>
						<line number="106" hits="1"/>
						<line number="107" hits="1"/>
						<line number="110" hits="1"/>
						<line number="111" hits="0"/>
						<line number="113" hits="1"/>
						<line number="114" hits="0"/>
						<line number="115" hits="1"/>
						<line number="116" hits="0"/>
						<line number="117" hits="1"/>
						<line number="118" hits="0"/>
						<line number="119" hits="1"/>
						<line number="120" hits="1"/>
						<line number="121" hits="1"/>
						<line number="122" hits="1"/>
						<line number="124" hits="0"/>
						<line number="126" hits="1"/>
						<line number="128" hits="1"/>
						<line number="130" hits="1"/>
						<line number="131" hits="1"/>
						<line number="138" hits="1"/>
						<line number="141" hits="1"/>
						<line number="143" hits="1"/>
						<line number="144" hits="1"/>
						<line number="145" hits="1"/>
						<line number="146" hits="1"/>
						<line number="147" hits="1"/>
						<line number="148" hits="1"/>
						<line number="149" hits="1"/>
						<line number="150" hits="1"/>
						<line number="151" hits="1"/>
						<line number="152" hits="1"/>
					</lines>
				</class>
				<class name="cli.py" filename="cli.py" complexity="0" line-rate="0.5257" branch-rate="0">
					<methods/>
					<lines>
						<line number="7" hits="1"/>
						<line number="8" hits="1"/>
						<line number="9" hits="1"/>
						<line number="10" hits="1"/>
						<line number="11" hits="1"/>
						<line number="12" hits="1"/>
						<line number="13" hits="1"/>
						<line number="14" hits="1"/>
						<line number="16" hits="1"/>
						<line number="17" hits="1"/>
						<line number="18" hits="1"/>
						<line number="19" hits="1"/>
						<line number="20" hits="1"/>
						<line number="22" hits="1"/>
						<line number="23" hits="1"/>
						<line number="24" hits="1"/>
						<line number="25" hits="1"/>
						<line number="41" hits="1"/>
						<line number="42" hits="1"/>
						<line number="43" hits="1"/>
						<line number="44" hits="1"/>
						<line number="45" hits="1"/>
						<line number="46" hits="1"/>
						<line number="60" hits="1"/>
						<line number="61" hits="1"/>
						<line number="62" hits="1"/>
						<line number="63" hits="1"/>
						<line number="64" hits="1"/>
						<line number="65" hits="1"/>
						<line number="66" hits="1"/>
						<line number="67" hits="1"/>
						<line number="68" hits="1"/>
						<line number="69" hits="1"/>
						<line number="70" hits="1"/>
						<line number="71" hits="1"/>
						<line number="72" hits="1"/>
						<line number="73" hits="1"/>
						<line number="74" hits="1"/>
						<line number="75" hits="1"/>
						<line number="76" hits="1"/>
						<line number="77" hits="1"/>
						<line number="78" hits="1"/>
						<line number="82" hits="1"/>
						<line number="121" hits="1"/>
						<line number="126" hits="1"/>
						<line number="169" hits="1"/>
						<line number="170" hits="1"/>
						<line number="174" hits="1"/>
						<line number="175" hits="1"/>
						<line number="186" hits="1"/>
						<line number="189" hits="1"/>
						<line number="191" hits="1"/>
						<line number="192" hits="1"/>
						<line number="193" hits="1"/>
						<line number="194" hits="0"/>
						<line number="195" hits="1"/>
						<line number="196" hits="1"/>
						<line number="197" hits="1"/>
						<line number="198" hits="1"/>
						<line number="199" hits="1"/>
						<line number="200" hits="1"/>
						<line number="203" hits="1"/>
						<line number="213" hits="1"/>
						<line number="219" hits="1"/>
						<line number="222" hits="1"/>
						<line number="229" hits="1"/>
						<line number="230" hits="1"/>
						<line number="231" hits="0"/>
						<line number="232" hits="1"/>
						<line number="233" hits="1"/>
						<line number="234" hits="1"/>
						<line number="235" hits="1"/>
						<line number="236" hits="1"/>
						<line number="237" hits="0"/>
						<line number="240" hits="1"/>
						<line number="246" hits="1"/>
						<line number="247" hits="1"/>
						<line number="248" hits="1"/>
						<line number="249" hits="1"/>
						<line number="250" hits="1"/>
						<line number="253" hits="1"/>
						<line number="260" hits="1"/>
						<line number="261" hits="1"/>
						<line number="262" hits="1"/>
						<line number="265" hits="1"/>
						<line number="266" hits="1"/>
						<line number="267" hits="1"/>
						<line number="270" hits="1"/>
						<line number="271" hits="1"/>
						<line number="272" hits="1"/>
						<line number="273" hits="1"/>
						<line number="276" hits="0"/>
						<line number="277" hits="0"/>
						<line number="278" hits="0"/>
						<line number="280" hits="0"/>
						<line number="282" hits="0"/>
						<line number="283" hits="0"/>
						<line number="284" hits="0"/>
						<line number="286" hits="0"/>
						<line number="287" hits="0"/>
						<line number="288" hits="0"/>
						<line number="289" hits="0"/>
						<line number="291" hits="0"/>
						<line number="292" hits="0"/>
						<line number="293" hits="0"/>
						<line number="294" hits="0"/>
						<line number="296" hits="0"/>
						<line number="297" hits="0"/>
						<line number="298" hits="0"/>
						<line number="300" hits="0"/>
						<line number="303" hits="1"/>
						<line number="309" hits="1"/>
						<line number="310" hits="1"/>
						<line number="311" hits="1"/>
						<line number="312" hits="1"/>
						<line number="313" hits="1"/>
						<line number="314" hits="1"/>
						<line number="315" hits="1"/>
						<line number="316" hits="1"/>
						<line number="317" hits="1"/>
						<line number="318" hits="0"/>
						<line number="319" hits="1"/>
						<line number="322" hits="1"/>
						<line number="328" hits="1"/>
						<line number="329" hits="1"/>
						<line number="330" hits="1"/>
						<line number="333" hits="1"/>
						<line number="335" hits="1"/>
						<line number="338" hits="1"/>
						<line number="339" hits="1"/>
						<line number="340" hits="1"/>
						<line number="341" hits="0"/>
						<line number="342" hits="0"/>
						<line number="343" hits="0"/>
						<line number="344" hits="0"/>
						<line number="345" hits="0"/>
						<line number="348" hits="1"/>
						<line number="355" hits="1"/>
						<line number="356" hits="1"/>
						<line number="358" hits="1"/>
						<line number="359" hits="1"/>
						<line number="360" hits="1"/>
						<line number="361" hits="1"/>
						<line number="362" hits="1"/>
						<line number="366" hits="1"/>
						<line number="367" hits="1"/>
						<line number="368" hits="1"/>
						<line number="370" hits="1"/>
						<line number="371" hits="1"/>
						<line number="372" hits="0"/>
						<line number="373" hits="1"/>
						<line number="374" hits="1"/>
						<line number="375" hits="1"/>
						<line number="376" hits="0"/>
						<line number="377" hits="1"/>
						<line number="378" hits="0"/>
						<line number="380" hits="1"/>
						<line number="382" hits="1"/>
						<line number="383" hits="1"/>
						<line number="386" hits="1"/>
						<line number="391" hits="1"/>
						<line number="401" hits="1"/>
						<line number="410" hits="1"/>
						<line number="411" hits="1"/>
						<line number="416" hits="1"/>
						<line number="417" hits="1"/>
						<line number="418" hits="1"/>
						<line number="419" hits="1"/>
						<line number="420" hits="1"/>
						<line number="421" hits="1"/>
						<line number="423" hits="1"/>
						<line number="424" hits="1"/>
						<line number="427" hits="1"/>
						<line number="429" hits="1"/>
						<line number="430" hits="1"/>
						<line number="431" hits="1"/>
						<line number="432" hits="1"/>
						<line number="433" hits="1"/>
						<line number="434" hits="1"/>
						<line number="435" hits="1"/>
						<line number="436" hits="1"/>
						<line number="437" hits="1"/>
						<line number="438" hits="1"/>
						<line number="439" hits="1"/>
						<line number="442" hits="1"/>
						<line number="443" hits="1"/>
						<line number="444" hits="1"/>
						<line number="445" hits="1"/>
						<line number="446" hits="1"/>
						<line number="447" hits="1"/>
						<line number="448" hits="1"/>
						<line number="454" hits="1"/>
						<line number="455" hits="1"/>
						<line number="456" hits="1"/>
						<line number="457" hits="1"/>
						<line number="464" hits="1"/>
						<line number="465" hits="1"/>
						<line number="466" hits="1"/>
						<line number="480" hits="1"/>
						<line number="481" hits="1"/>
						<line number="483" hits="1"/>
						<line number="484" hits="1"/>
						<line number="485" hits="1"/>
						<line number="486" hits="1"/>
						<line number="487" hits="1"/>
						<line number="488" hits="1"/>
						<line number="489" hits="1"/>
						<line number="491" hits="1"/>
						<line number="492" hits="1"/>
						<line number="493" hits="1"/>
						<line number="494" hits="1"/>
						<line number="495" hits="1"/>
						<line number="496" hits="1"/>
						<line number="497" hits="1"/>
						<line number="499" hits="0"/>
						<line number="500" hits="0"/>
						<line number="503" hits="0"/>
						<line number="504" hits="0"/>
						<line number="507" hits="0"/>
						<line number="508" hits="0"/>
						<line number="509" hits="0"/>
						<line number="510" hits="0"/>
						<line number="511" hits="0"/>
						<line number="512" hits="0"/>
						<line number="514" hits="0"/>
						<line number="515" hits="0"/>
						<line number="516" hits="0"/>
						<line number="517" hits="0"/>
						<line number="519" hits="0"/>
						<line number="520" hits="0"/>
						<line number="521" hits="0"/>
						<line number="522" hits="0"/>
						<line number="523" hits="0"/>
						<line number="524" hits="0"/>
						<line number="525" hits="0"/>
						<line number="526" hits="0"/>
						<line number="527" hits="0"/>
						<line number="528" hits="0"/>
						<line number="529" hits="0"/>
						<line number="530" hits="0"/>
						<line number="531" hits="0"/>
						<line number="532" hits="0"/>
						<line number="533" hits="0"/>
						<line number="534" hits="0"/>
						<line number="535" hits="0"/>
						<line number="536" hits="0"/>
						<line number="537" hits="0"/>
						<line number="539" hits="0"/>
						<line number="540" hits="0"/>
						<line number="541" hits="0"/>
						<line number="542" hits="0"/>
						<line number="544" hits="0"/>
						<line number="546" hits="0"/>
						<line number="548" hits="0"/>
						<line number="549" hits="0"/>
						<line number="550" hits="0"/>
						<line number="551" hits="0"/>
						<line number="552" hits="0"/>
						<line number="553" hits="0"/>
						<line number="554" hits="0"/>
						<line number="555" hits="0"/>
						<line number="556" hits="0"/>
						<line number="557" hits="0"/>
						<line number="558" hits="0"/>
						<line number="559" hits="0"/>
						<line number="561" hits="0"/>
						<line number="562" hits="0"/>
						<line number="566" hits="0"/>
						<line number="567" hits="0"/>
						<line number="568" hits="0"/>
						<line number="570" hits="0"/>
						<line number="571" hits="0"/>
						<line number="572" hits="0"/>
						<line number="573" hits="0"/>
						<line number="574" hits="0"/>
						<line number="577" hits="1"/>
						<line number="578" hits="1"/>
						<line number="579" hits="1"/>
						<line number="580" hits="1"/>
						<line number="589" hits="1"/>
						<line number="590" hits="1"/>
						<line number="592" hits="1"/>
						<line number="593" hits="1"/>
						<line number="594" hits="1"/>
						<line number="596" hits="1"/>
						<line number="597" hits="1"/>
						<line number="605" hits="1"/>
						<line number="606" hits="1"/>
						<line number="607" hits="1"/>
						<line number="608" hits="1"/>
						<line number="609" hits="1"/>
						<line number="611" hits="1"/>
						<line number="612" hits="1"/>
						<line number="614" hits="1"/>
						<line number="615" hits="1"/>
						<line number="616" hits="1"/>
						<line number="617" hits="1"/>
						<line number="619" hits="1"/>
						<line number="620" hits="1"/>
						<line number="622" hits="1"/>
						<line number="623" hits="1"/>
						<line number="624" hits="1"/>
						<line number="625" hits="1"/>
						<line number="626" hits="1"/>
						<line number="627" hits="1"/>
						<line number="628" hits="1"/>
						<line number="629" hits="1"/>
						<line number="630" hits="1"/>
						<line number="634" hits="1"/>
						<line number="635" hits="1"/>
						<line number="636" hits="1"/>
						<line number="637" hits="1"/>
						<line number="641" hits="1"/>
						<line number="642" hits="0"/>
						<line number="645" hits="1"/>
						<line number="646" hits="1"/>
						<line number="647" hits="1"/>
						<line number="648" hits="1"/>
						<line number="649" hits="1"/>
						<line number="650" hits="1"/>
						<line number="670" hits="1"/>
						<line number="671" hits="1"/>
						<line number="674" hits="1"/>
						<line number="675" hits="1"/>
						<line number="676" hits="1"/>
						<line number="677" hits="1"/>
						<line number="680" hits="1"/>
						<line number="681" hits="1"/>
						<line number="683" hits="1"/>
						<line number="684" hits="1"/>
						<line number="685" hits="1"/>
						<line number="686" hits="1"/>
						<line number="687" hits="0"/>
						<line number="688" hits="0"/>
						<line number="689" hits="0"/>
						<line number="690" hits="1"/>
						<line number="691" hits="0"/>
						<line number="693" hits="1"/>
						<line number="694" hits="1"/>
						<line number="695" hits="1"/>
						<line number="696" hits="1"/>
						<line number="697" hits="1"/>
						<line number="699" hits="1"/>
						<line number="700" hits="1"/>
						<line number="702" hits="1"/>
						<line number="703" hits="0"/>
						<line number="705" hits="0"/>
						<line number="706" hits="0"/>
						<line number="707" hits="0"/>
						<line number="708" hits="0"/>
						<line number="710" hits="1"/>
						<line number="711" hits="1"/>
						<line number="714" hits="1"/>
						<line number="715" hits="1"/>
						<line number="717" hits="1"/>
						<line number="718" hits="1"/>
						<line number="719" hits="1"/>
						<line number="720" hits="1"/>
						<line number="722" hits="1"/>
						<line number="723" hits="1"/>
						<line number="724" hits="1"/>
						<line number="725" hits="1"/>
						<line number="728" hits="1"/>
						<line number="729" hits="1"/>
						<line number="731" hits="1"/>
						<line number="732" hits="1"/>
						<line number="733" hits="1"/>
						<line number="734" hits="1"/>
						<line number="735" hits="1"/>
						<line number="736" hits="1"/>
						<line number="737" hits="1"/>
						<line number="739" hits="1"/>
						<line number="740" hits="1"/>
						<line number="741" hits="1"/>
						<line number="749" hits="1"/>
						<line number="750" hits="1"/>
						<line number="751" hits="1"/>
						<line number="752" hits="1"/>
						<line number="761" hits="1"/>
						<line number="762" hits="1"/>
						<line number="764" hits="1"/>
						<line number="765" hits="1"/>
						<line number="766" hits="1"/>
						<line number="767" hits="1"/>
						<line number="768" hits="1"/>
						<line number="769" hits="1"/>
						<line number="770" hits="0"/>
						<line number="771" hits="1"/>
						<line number="772" hits="1"/>
						<line number="774" hits="1"/>
						<line number="776" hits="1"/>
						<line number="777" hits="1"/>
						<line number="778" hits="1"/>
						<line number="779" hits="1"/>
						<line number="780" hits="1"/>
						<line number="782" hits="1"/>
						<line number="783" hits="1"/>
						<line number="784" hits="1"/>
						<line number="785" hits="1"/>
						<line number="786" hits="1"/>
						<line number="787" hits="1"/>
						<line number="789" hits="1"/>
						<line number="790" hits="1"/>
						<line number="793" hits="1"/>
						<line number="794" hits="1"/>
						<line number="795" hits="1"/>
						<line number="802" hits="1"/>
						<line number="803" hits="1"/>
						<line number="821" hits="1"/>
						<line number="823" hits="1"/>
						<line number="824" hits="1"/>
						<line number="825" hits="1"/>
						<line number="826" hits="1"/>
						<line number="827" hits="1"/>
						<line number="829" hits="1"/>
						<line number="830" hits="0"/>
						<line number="831" hits="0"/>
						<line number="833" hits="1"/>
						<line number="836" hits="1"/>
						<line number="838" hits="1"/>
						<line number="839" hits="1"/>
						<line number="841" hits="1"/>
						<line number="842" hits="0"/>
						<line number="843" hits="0"/>
						<line number="846" hits="1"/>
						<line number="847" hits="1"/>
						<line number="848" hits="1"/>
						<line number="851" hits="1"/>
						<line number="852" hits="1"/>
						<line number="853" hits="0"/>
						<line number="854" hits="1"/>
						<line number="855" hits="1"/>
						<line number="858" hits="1"/>
						<line number="859" hits="1"/>
						<line number="860" hits="1"/>
						<line number="861" hits="0"/>
						<line number="864" hits="1"/>
						<line number="865" hits="1"/>
						<line number="866" hits="1"/>
						<line number="867" hits="1"/>
						<line number="868" hits="1"/>
						<line number="870" hits="1"/>
						<line number="871" hits="1"/>
						<line number="874" hits="1"/>
						<line number="875" hits="1"/>
						<line number="876" hits="1"/>
						<line number="877" hits="1"/>
						<line number="890" hits="0"/>
						<line number="892" hits="0"/>
						<line number="893" hits="0"/>
						<line number="894" hits="0"/>
						<line number="896" hits="0"/>
						<line number="898" hits="0"/>
						<line number="899" hits="0"/>
						<line number="900" hits="0"/>
						<line number="901" hits="0"/>
						<line number="903" hits="0"/>
						<line number="904" hits="0"/>
						<line number="905" hits="0"/>
						<line number="906" hits="0"/>
						<line number="907" hits="0"/>
						<line number="909" hits="0"/>
						<line number="910" hits="0"/>
						<line number="911" hits="0"/>
						<line number="913" hits="0"/>
						<line number="914" hits="0"/>
						<line number="915" hits="0"/>
						<line number="916" hits="0"/>
						<line number="919" hits="0"/>
						<line number="920" hits="0"/>
						<line number="921" hits="0"/>
						<line number="922" hits="0"/>
						<line number="924" hits="0"/>
						<line number="925" hits="0"/>
						<line number="926" hits="0"/>
						<line number="929" hits="1"/>
						<line number="930" hits="1"/>
						<line number="936" hits="1"/>
						<line number="937" hits="1"/>
						<line number="938" hits="1"/>
						<line number="939" hits="1"/>
						<line number="940" hits="1"/>
						<line number="941" hits="1"/>
						<line number="942" hits="1"/>
						<line number="959" hits="1"/>
						<line number="961" hits="1"/>
						<line number="964" hits="1"/>
						<line number="965" hits="1"/>
						<line number="966" hits="1"/>
						<line number="967" hits="1"/>
						<line number="968" hits="1"/>
						<line number="969" hits="1"/>
						<line number="970" hits="1"/>
						<line number="971" hits="1"/>
						<line number="972" hits="1"/>
						<line number="973" hits="1"/>
						<line number="974" hits="1"/>
						<line number="975" hits="1"/>
						<line number="976" hits="1"/>
						<line number="977" hits="1"/>
						<line number="978" hits="1"/>
						<line number="980" hits="1"/>
						<line number="981" hits="1"/>
						<line number="982" hits="0"/>
						<line number="983" hits="0"/>
						<line number="985" hits="1"/>
						<line number="986" hits="1"/>
						<line number="988" hits="1"/>
						<line number="989" hits="1"/>
						<line number="990" hits="1"/>
						<line number="991" hits="1"/>
						<line number="992" hits="1"/>
						<line number="994" hits="1"/>
						<line number="1000" hits="1"/>
						<line number="1001" hits="1"/>
						<line number="1002" hits="1"/>
						<line number="1003" hits="1"/>
						<line number="1005" hits="1"/>
						<line number="1007" hits="1"/>
						<line number="1008" hits="1"/>
						<line number="1009" hits="1"/>
						<line number="1010" hits="1"/>
						<line number="1011" hits="1"/>
						<line number="1012" hits="1"/>
						<line number="1013" hits="1"/>
						<line number="1021" hits="1"/>
						<line number="1023" hits="1"/>
						<line number="1024" hits="1"/>
						<line number="1025" hits="1"/>
						<line number="1026" hits="1"/>
						<line number="1027" hits="1"/>
						<line number="1028" hits="1"/>
						<line number="1029" hits="1"/>
						<line number="1031" hits="1"/>
						<line number="1032" hits="1"/>
						<line number="1033" hits="1"/>
						<line number="1034" hits="1"/>
						<line number="1037" hits="1"/>
						<line number="1038" hits="1"/>
						<line number="1039" hits="1"/>
						<line number="1040" hits="1"/>
						<line number="1041" hits="1"/>
						<line number="1042" hits="1"/>
						<line number="1051" hits="0"/>
						<line number="1052" hits="0"/>
						<line number="1054" hits="0"/>
						<line number="1055" hits="0"/>
						<line number="1056" hits="0"/>
						<line number="1058" hits="0"/>
						<line number="1059" hits="0"/>
						<line number="1060" hits="0"/>
						<line number="1062" hits="0"/>
						<line number="1064" hits="0"/>
						<line number="1065" hits="0"/>
						<line number="1066" hits="0"/>
						<line number="1067" hits="0"/>
						<line number="1068" hits="0"/>
						<line number="1070" hits="0"/>
						<line number="1071" hits="0"/>
						<line number="1072" hits="0"/>
						<line number="1073" hits="0"/>
						<line number="1074" hits="0"/>
						<line number="1075" hits="0"/>
						<line number="1076" hits="0"/>
						<line number="1084" hits="0"/>
						<line number="1085" hits="0"/>
						<line number="1086" hits="0"/>
						<line number="1087" hits="0"/>
						<line number="1088" hits="0"/>
						<line number="1090" hits="0"/>
						<line number="1091" hits="0"/>
						<line number="1092" hits="0"/>
						<line number="1093" hits="0"/>
						<line number="1094" hits="0"/>
						<line number="1096" hits="0"/>
						<line number="1099" hits="1"/>
						<line number="1100" hits="1"/>
						<line number="1101" hits="1"/>
						<line number="1102" hits="1"/>
						<line number="1103" hits="1"/>
						<line number="1104" hits="1"/>
						<line number="1113" hits="0"/>
						<line number="1114" hits="0"/>
						<line number="1116" hits="0"/>
						<line number="1117" hits="0"/>
						<line number="1118" hits="0"/>
						<line number="1120" hits="0"/>
						<line number="1121" hits="0"/>
						<line number="1122" hits="0"/>
						<line number="1124" hits="0"/>
						<line number="1125" hits="0"/>
						<line number="1126" hits="0"/>
						<line number="1127" hits="0"/>
						<line number="1128" hits="0"/>
						<line number="1129" hits="0"/>
						<line number="1131" hits="0"/>
						<line number="1132" hits="0"/>
						<line number="1133" hits="0"/>
						<line number="1134" hits="0"/>
						<line number="1135" hits="0"/>
						<line number="1136" hits="0"/>
						<line number="1137" hits="0"/>
						<line number="1145" hits="0"/>
						<line number="1146" hits="0"/>
						<line number="1147" hits="0"/>
						<line number="1148" hits="0"/>
						<line number="1149" hits="0"/>
						<line number="1151" hits="0"/>
						<line number="1152" hits="0"/>
						<line number="1153" hits="0"/>
						<line number="1154" hits="0"/>
						<line number="1155" hits="0"/>
						<line number="1157" hits="0"/>
						<line number="1160" hits="1"/>
						<line number="1161" hits="1"/>
						<line number="1162" hits="1"/>
						<line number="1163" hits="1"/>
						<line number="1171" hits="1"/>
						<line number="1172" hits="1"/>
						<line number="1173" hits="1"/>
						<line number="1174" hits="1"/>
						<line number="1175" hits="1"/>
						<line number="1176" hits="0"/>
						<line number="1177" hits="0"/>
						<line number="1179" hits="1"/>
						<line number="1180" hits="1"/>
						<line number="1181" hits="1"/>
						<line number="1183" hits="1"/>
						<line number="1184" hits="0"/>
						<line number="1185" hits="0"/>
						<line number="1186" hits="0"/>
						<line number="1189" hits="1"/>
						<line number="1190" hits="1"/>
						<line number="1191" hits="1"/>
						<line number="1192" hits="1"/>
						<line number="1193" hits="1"/>
						<line number="1194" hits="1"/>
						<line number="1208" hits="0"/>
						<line number="1209" hits="0"/>
						<line number="1215" hits="0"/>
						<line number="1216" hits="0"/>
						<line number="1217" hits="0"/>
						<line number="1218" hits="0"/>
						<line number="1221" hits="1"/>
						<line number="1222" hits="1"/>
						<line number="1223" hits="1"/>
						<line number="1224" hits="1"/>
						<line number="1233" hits="0"/>
						<line number="1234" hits="0"/>
						<line number="1238" hits="0"/>
						<line number="1239" hits="0"/>
						<line number="1240" hits="0"/>
						<line number="1241" hits="0"/>
						<line number="1244" hits="1"/>
						<line number="1245" hits="1"/>
						<line number="1246" hits="1"/>
						<line number="1247" hits="1"/>
						<line number="1248" hits="1"/>
						<line number="1261" hits="0"/>
						<line number="1262" hits="0"/>
						<line number="1267" hits="0"/>
						<line number="1268" hits="0"/>
						<line number="1269" hits="0"/>
						<line number="1270" hits="0"/>
						<line number="1276" hits="1"/>
						<line number="1277" hits="1"/>
						<line number="1278" hits="1"/>
						<line number="1279" hits="1"/>
						<line number="1280" hits="1"/>
						<line number="1281" hits="1"/>
						<line number="1282" hits="1"/>
						<line number="1283" hits="1"/>
						<line number="1284" hits="1"/>
						<line number="1285" hits="1"/>
						<line number="1297" hits="0"/>
						<line number="1298" hits="0"/>
						<line number="1299" hits="0"/>
						<line number="1300" hits="0"/>
						<line number="1301" hits="0"/>
						<line number="1302" hits="0"/>
						<line number="1304" hits="0"/>
						<line number="1305" hits="0"/>
						<line number="1306" hits="0"/>
						<line number="1307" hits="0"/>
						<line number="1308" hits="0"/>
						<line number="1309" hits="0"/>
						<line number="1311" hits="0"/>
						<line number="1313" hits="0"/>
						<line number="1339" hits="0"/>
						<line number="1340" hits="0"/>
						<line number="1342" hits="0"/>
						<line number="1343" hits="0"/>
						<line number="1344" hits="0"/>
						<line number="1345" hits="0"/>
						<line number="1348" hits="1"/>
						<line number="1349" hits="1"/>
						<line number="1350" hits="1"/>
						<line number="1351" hits="1"/>
						<line number="1352" hits="1"/>
						<line number="1353" hits="1"/>
						<line number="1354" hits="1"/>
						<line number="1355" hits="1"/>
						<line number="1356" hits="1"/>
						<line number="1357" hits="1"/>
						<line number="1358" hits="1"/>
						<line number="1359" hits="1"/>
						<line number="1368" hits="0"/>
						<line number="1369" hits="0"/>
						<line number="1371" hits="0"/>
						<line number="1383" hits="0"/>
						<line number="1384" hits="0"/>
						<line number="1385" hits="0"/>
						<line number="1387" hits="0"/>
						<line number="1388" hits="0"/>
						<line number="1389" hits="0"/>
						<line number="1392" hits="1"/>
						<line number="1393" hits="1"/>
						<line number="1394" hits="1"/>
						<line number="1395" hits="1"/>
						<line number="1398" hits="1"/>
						<line number="1399" hits="1"/>
						<line number="1400" hits="1"/>
						<line number="1401" hits="1"/>
						<line number="1402" hits="1"/>
						<line number="1420" hits="1"/>
						<line number="1421" hits="1"/>
						<line number="1422" hits="1"/>
						<line number="1424" hits="1"/>
						<line number="1425" hits="1"/>
						<line number="1426" hits="1"/>
						<line number="1428" hits="1"/>
						<line number="1429" hits="1"/>
						<line number="1430" hits="1"/>
						<line number="1431" hits="0"/>
						<line number="1432" hits="0"/>
						<line number="1433" hits="0"/>
						<line number="1435" hits="0"/>
						<line number="1436" hits="0"/>
						<line number="1437" hits="0"/>
						<line number="1438" hits="0"/>
						<line number="1439" hits="0"/>
						<line number="1441" hits="0"/>
						<line number="1442" hits="0"/>
						<line number="1443" hits="0"/>
						<line number="1444" hits="0"/>
						<line number="1445" hits="0"/>
						<line number="1447" hits="0"/>
						<line number="1448" hits="0"/>
						<line number="1449" hits="0"/>
						<line number="1450" hits="0"/>
						<line number="1452" hits="0"/>
						<line number="1453" hits="0"/>
						<line number="1454" hits="0"/>
						<line number="1456" hits="0"/>
						<line number="1457" hits="0"/>
						<line number="1458" hits="0"/>
						<line number="1460" hits="0"/>
						<line number="1479" hits="0"/>
						<line number="1481" hits="0"/>
						<line number="1482" hits="0"/>
						<line number="1483" hits="0"/>
						<line number="1485" hits="0"/>
						<line number="1487" hits="0"/>
						<line number="1488" hits="0"/>
						<line number="1491" hits="1"/>
						<line number="1493" hits="0"/>
						<line number="1498" hits="0"/>
						<line number="1499" hits="0"/>
						<line number="1500" hits="0"/>
						<line number="1501" hits="0"/>
						<line number="1502" hits="0"/>
						<line number="1503" hits="0"/>
						<line number="1505" hits="0"/>
						<line number="1513" hits="0"/>
						<line number="1520" hits="0"/>
						<line number="1521" hits="0"/>
						<line number="1522" hits="0"/>
						<line number="1524" hits="0"/>
						<line number="1529" hits="0"/>
						<line number="1532" hits="1"/>
						<line number="1533" hits="1"/>
						<line number="1534" hits="1"/>
						<line number="1535" hits="1"/>
						<line number="1536" hits="1"/>
						<line number="1537" hits="1"/>
						<line number="1538" hits="1"/>
						<line number="1539" hits="1"/>
						<line number="1550" hits="0"/>
						<line number="1551" hits="0"/>
						<line number="1552" hits="0"/>
						<line number="1553" hits="0"/>
						<line number="1554" hits="0"/>
						<line number="1556" hits="0"/>
						<line number="1557" hits="0"/>
						<line number="1558" hits="0"/>
						<line number="1560" hits="0"/>
						<line number="1561" hits="0"/>
						<line number="1562" hits="0"/>
						<line number="1563" hits="0"/>
						<line number="1565" hits="0"/>
						<line number="1566" hits="0"/>
						<line number="1567" hits="0"/>
						<line number="1568" hits="0"/>
						<line number="1569" hits="0"/>
						<line number="1570" hits="0"/>
						<line number="1571" hits="0"/>
						<line number="1572" hits="0"/>
						<line number="1573" hits="0"/>
						<line number="1575" hits="0"/>
						<line number="1576" hits="0"/>
						<line number="1577" hits="0"/>
						<line number="1579" hits="0"/>
						<line number="1580" hits="0"/>
						<line number="1581" hits="0"/>
						<line number="1583" hits="0"/>
						<line number="1603" hits="0"/>
						<line number="1604" hits="0"/>
						<line number="1605" hits="0"/>
						<line number="1606" hits="0"/>
						<line number="1608" hits="0"/>
						<line number="1609" hits="0"/>
						<line number="1611" hits="0"/>
						<line number="1612" hits="0"/>
						<line number="1613" hits="0"/>
						<line number="1615" hits="0"/>
						<line number="1616" hits="0"/>
						<line number="1617" hits="0"/>
						<line number="1618" hits="0"/>
						<line number="1619" hits="0"/>
						<line number="1621" hits="0"/>
						<line number="1622" hits="0"/>
						<line number="1623" hits="0"/>
						<line number="1624" hits="0"/>
						<line number="1625" hits="0"/>
						<line number="1626" hits="0"/>
						<line number="1627" hits="0"/>
						<line number="1628" hits="0"/>
						<line number="1629" hits="0"/>
						<line number="1630" hits="0"/>
						<line number="1633" hits="1"/>
						<line number="1634" hits="1"/>
						<line number="1635" hits="1"/>
						<line number="1636" hits="1"/>
						<line number="1637" hits="1"/>
						<line number="1648" hits="0"/>
						<line number="1649" hits="0"/>
						<line number="1651" hits="0"/>
						<line number="1652" hits="0"/>
						<line number="1653" hits="0"/>
						<line number="1654" hits="0"/>
						<line number="1656" hits="0"/>
						<line number="1657" hits="0"/>
						<line number="1658" hits="0"/>
						<line number="1660" hits="0"/>
						<line number="1661" hits="0"/>
						<line number="1664" hits="1"/>
						<line number="1666" hits="0"/>
						<line number="1691" hits="1"/>
						<line number="1693" hits="0"/>
						<line number="1695" hits="0"/>
						<line number="1696" hits="0"/>
						<line number="1697" hits="0"/>
						<line number="1698" hits="0"/>
						<line number="1699" hits="0"/>
						<line number="1700" hits="0"/>
						<line number="1703" hits="1"/>
						<line number="1704" hits="1"/>
						<line number="1705" hits="1"/>
						<line number="1706" hits="1"/>
						<line number="1707" hits="1"/>
						<line number="1708" hits="1"/>
						<line number="1709" hits="1"/>
						<line number="1723" hits="0"/>
						<line number="1724" hits="0"/>
						<line number="1725" hits="0"/>
						<line number="1728" hits="0"/>
						<line number="1729" hits="0"/>
						<line number="1731" hits="0"/>
						<line number="1732" hits="0"/>
						<line number="1734" hits="0"/>
						<line number="1735" hits="0"/>
						<line number="1736" hits="0"/>
						<line number="1737" hits="0"/>
						<line number="1739" hits="0"/>
						<line number="1740" hits="0"/>
						<line number="1741" hits="0"/>
						<line number="1742" hits="0"/>
						<line number="1744" hits="0"/>
						<line number="1745" hits="0"/>
						<line number="1746" hits="0"/>
						<line number="1747" hits="0"/>
						<line number="1748" hits="0"/>
						<line number="1749" hits="0"/>
						<line number="1750" hits="0"/>
						<line number="1751" hits="0"/>
						<line number="1753" hits="0"/>
						<line number="1754" hits="0"/>
						<line number="1755" hits="0"/>
						<line number="1756" hits="0"/>
						<line number="1759" hits="1"/>
						<line number="1760" hits="1"/>
						<line number="1761" hits="1"/>
						<line number="1769" hits="0"/>
						<line number="1772" hits="0"/>
						<line number="1773" hits="0"/>
						<line number="1775" hits="0"/>
						<line number="1776" hits="0"/>
						<line number="1777" hits="0"/>
						<line number="1778" hits="0"/>
						<line number="1780" hits="0"/>
						<line number="1782" hits="0"/>
						<line number="1783" hits="0"/>
						<line number="1784" hits="0"/>
						<line number="1785" hits="0"/>
						<line number="1786" hits="0"/>
						<line number="1788" hits="0"/>
						<line number="1791" hits="0"/>
						<line number="1792" hits="0"/>
						<line number="1793" hits="0"/>
						<line number="1794" hits="0"/>
						<line number="1795" hits="0"/>
						<line number="1796" hits="0"/>
						<line number="1797" hits="0"/>
						<line number="1798" hits="0"/>
						<line number="1799" hits="0"/>
						<line number="1801" hits="0"/>
						<line number="1802" hits="0"/>
						<line number="1803" hits="0"/>
						<line number="1804" hits="0"/>
						<line number="1805" hits="0"/>
						<line number="1806" hits="0"/>
						<line number="1808" hits="0"/>
						<line number="1810" hits="0"/>
						<line number="1813" hits="1"/>
						<line number="1814" hits="1"/>
						<line number="1815" hits="1"/>
						<line number="1816" hits="1"/>
						<line number="1817" hits="1"/>
						<line number="1818" hits="1"/>
						<line number="1832" hits="0"/>
						<line number="1833" hits="0"/>
						<line number="1835" hits="0"/>
						<line number="1836" hits="0"/>
						<line number="1837" hits="0"/>
						<line number="1839" hits="0"/>
						<line number="1840" hits="0"/>
						<line number="1841" hits="0"/>
						<line number="1843" hits="0"/>
						<line number="1844" hits="0"/>
						<line number="1846" hits="0"/>
						<line number="1847" hits="0"/>
						<line number="1848" hits="0"/>
						<line number="1849" hits="0"/>
						<line number="1850" hits="0"/>
						<line number="1851" hits="0"/>
						<line number="1852" hits="0"/>
						<line number="1853" hits="0"/>
						<line number="1854" hits="0"/>
						<line number="1856" hits="0"/>
						<line number="1857" hits="0"/>
						<line number="1858" hits="0"/>
						<line number="1859" hits="0"/>
						<line number="1860" hits="0"/>
						<line number="1861" hits="0"/>
						<line number="1862" hits="0"/>
						<line number="1863" hits="0"/>
						<line number="1864" hits="0"/>
						<line number="1866" hits="0"/>
						<line number="1867" hits="0"/>
						<line number="1869" hits="0"/>
						<line number="1872" hits="1"/>
						<line number="1873" hits="0"/>
					</lines>
				</class>
				<class name="links.py" filename="links.py" complexity="0" line-rate="1" branch-rate="0">
					<methods/>
					<lines>
						<line number="8" hits="1"/>
						<line number="9" hits="1"/>
						<line number="10" hits="1"/>
						<line number="13" hits="1"/>
						<line number="17" hits="1"/>
						<line number="22" hits="1"/>
						<line number="23" hits="1"/>
						<line number="24" hits="1"/>
						<line number="25" hits="1"/>
						<line number="26" hits="1"/>
						<line number="29" hits="1"/>
						<line number="35" hits="1"/>
						<line number="36" hits="1"/>
						<line number="37" hits="1"/>
						<line number="39" hits="1"/>
						<line number="40" hits="1"/>
						<line number="42" hits="1"/>
						<line number="44" hits="1"/>
						<line number="45" hits="1"/>
						<line number="46" hits="1"/>
						<line number="47" hits="1"/>
						<line number="49" hits="1"/>
						<line number="50" hits="1"/>
						<line number="53" hits="1"/>
						<line number="55" hits="1"/>
						<line number="56" hits="1"/>
						<line number="57" hits="1"/>
						<line number="58" hits="1"/>
						<line number="59" hits="1"/>
						<line number="60" hits="1"/>
						<line number="61" hits="1"/>
						<line number="62" hits="1"/>
					</lines>
				</class>
				<class name="metadata.py" filename="metadata.py" complexity="0" line-rate="0.9408" branch-rate="0">
					<methods/>
					<lines>
						<line number="9" hits="1"/>
						<line number="10" hits="1"/>
						<line number="11" hits="1"/>
						<line number="12" hits="1"/>
						<line number="13" hits="1"/>
						<line number="15" hits="1"/>
						<line number="17" hits="1"/>
						<line number="20" hits="1"/>
						<line number="23" hits="1"/>
						<line number="26" hits="1"/>
						<line number="29" hits="1"/>
						<line number="32" hits="1"/>
						<line number="33" hits="0"/>
						<line number="36" hits="1"/>
						<line number="39" hits="1"/>
						<line number="41" hits="1"/>
						<line number="44" hits="1"/>
						<line number="50" hits="1"/>
						<line number="51" hits="1"/>
						<line number="52" hits="1"/>
						<line number="55" hits="1"/>
						<line number="56" hits="1"/>
						<line number="59" hits="1"/>
						<line number="60" hits="1"/>
						<line number="61" hits="1"/>
						<line number="62" hits="1"/>
						<line number="63" hits="1"/>
						<line number="64" hits="1"/>
						<line number="65" hits="1"/>
						<line number="66" hits="1"/>
						<line number="67" hits="1"/>
						<line number="68" hits="1"/>
						<line number="69" hits="1"/>
						<line number="70" hits="1"/>
						<line number="71" hits="1"/>
						<line number="72" hits="1"/>
						<line number="73" hits="1"/>
						<line number="74" hits="1"/>
						<line number="75" hits="1"/>
						<line number="78" hits="1"/>
						<line number="80" hits="1"/>
						<line number="81" hits="1"/>
						<line number="82" hits="1"/>
						<line number="84" hits="1"/>
						<line number="85" hits="1"/>
						<line number="86" hits="0"/>
						<line number="88" hits="1"/>
						<line number="89" hits="1"/>
						<line number="90" hits="1"/>
						<line number="92" hits="1"/>
						<line number="94" hits="1"/>
						<line number="95" hits="0"/>
						<line number="96" hits="1"/>
						<line number="97" hits="1"/>
						<line number="98" hits="1"/>
						<line number="99" hits="1"/>
						<line number="100" hits="1"/>
						<line number="101" hits="1"/>
						<line number="103" hits="1"/>
						<line number="109" hits="1"/>
						<line number="123" hits="1"/>
						<line number="125" hits="1"/>
						<line number="132" hits="1"/>
						<line number="133" hits="1"/>
						<line number="135" hits="1"/>
						<line number="137" hits="1"/>
						<line number="156" hits="1"/>
						<line number="158" hits="1"/>
						<line number="159" hits="1"/>
						<line number="160" hits="1"/>
						<line number="161" hits="1"/>
						<line number="164" hits="1"/>
						<line number="166" hits="1"/>
						<line number="167" hits="1"/>
						<line number="168" hits="1"/>
						<line number="169" hits="1"/>
						<line number="170" hits="1"/>
						<line number="171" hits="1"/>
						<line number="172" hits="1"/>
						<line number="175" hits="1"/>
						<line number="177" hits="1"/>
						<line number="178" hits="1"/>
						<line number="179" hits="1"/>
						<line number="180" hits="1"/>
						<line number="181" hits="1"/>
						<line number="182" hits="1"/>
						<line number="185" hits="1"/>
						<line number="192" hits="1"/>
						<line number="193" hits="1"/>
						<line number="194" hits="0"/>
						<line number="195" hits="1"/>
						<line number="196" hits="1"/>
						<line number="197" hits="1"/>
						<line number="198" hits="1"/>
						<line number="199" hits="1"/>
						<line number="200" hits="1"/>
						<line number="201" hits="0"/>
						<line number="202" hits="1"/>
						<line number="203" hits="0"/>
						<line number="204" hits="1"/>
						<line number="207" hits="1"/>
						<line number="209" hits="0"/>
						<line number="212" hits="1"/>
						<line number="218" hits="1"/>
						<line number="219" hits="1"/>
						<line number="220" hits="1"/>
						<line number="221" hits="1"/>
						<line number="222" hits="1"/>
						<line number="223" hits="1"/>
						<line number="224" hits="1"/>
						<line number="225" hits="1"/>
						<line number="226" hits="1"/>
						<line number="227" hits="1"/>
						<line number="230" hits="1"/>
						<line number="231" hits="1"/>
						<line number="234" hits="1"/>
						<line number="235" hits="1"/>
						<line number="238" hits="1"/>
						<line number="241" hits="1"/>
						<line number="244" hits="1"/>
						<line number="245" hits="1"/>
						<line number="247" hits="1"/>
						<line number="248" hits="1"/>
						<line number="249" hits="1"/>
						<line number="250" hits="1"/>
						<line number="251" hits="1"/>
						<line number="252" hits="1"/>
						<line number="253" hits="1"/>
						<line number="254" hits="1"/>
						<line number="255" hits="1"/>
						<line number="256" hits="1"/>
						<line number="257" hits="1"/>
						<line number="258" hits="1"/>
						<line number="259" hits="1"/>
						<line number="260" hits="1"/>
						<line number="263" hits="1"/>
						<line number="265" hits="1"/>
						<line number="266" hits="1"/>
						<line number="267" hits="1"/>
						<line number="269" hits="1"/>
						<line number="270" hits="1"/>
						<line number="271" hits="1"/>
						<line number="272" hits="1"/>
						<line number="273" hits="1"/>
						<line number="274" hits="0"/>
						<line number="275" hits="1"/>
						<line number="278" hits="1"/>
						<line number="280" hits="1"/>
						<line number="281" hits="1"/>
						<line number="282" hits="1"/>
						<line number="283" hits="1"/>
						<line number="284" hits="0"/>
					</lines>
				</class>
				<class name="naming.py" filename="naming.py" complexity="0" line-rate="0.8421" branch-rate="0">
					<methods/>
					<lines>
						<line number="8" hits="1"/>
						<line number="9" hits="1"/>
						<line number="13" hits="1"/>
						<line number="15" hits="1"/>
						<line number="24" hits="1"/>
						<line number="26" hits="1"/>
						<line number="27" hits="1"/>
						<line number="28" hits="1"/>
						<line number="31" hits="1"/>
						<line number="32" hits="1"/>
						<line number="33" hits="1"/>
						<line number="34" hits="1"/>
						<line number="35" hits="0"/>
						<line number="38" hits="1"/>
						<line number="40" hits="1"/>
						<line number="41" hits="1"/>
						<line number="42" hits="1"/>
						<line number="43" hits="1"/>
						<line number="46" hits="1"/>
						<line number="48" hits="1"/>
						<line number="51" hits="1"/>
						<line number="53" hits="1"/>
						<line number="54" hits="1"/>
						<line number="55" hits="1"/>
						<line number="56" hits="1"/>
						<line number="57" hits="1"/>
						<line number="58" hits="1"/>
						<line number="59" hits="1"/>
						<line number="60" hits="1"/>
						<line number="61" hits="1"/>
						<line number="64" hits="1"/>
						<line number="66" hits="1"/>
						<line number="67" hits="1"/>
						<line number="68" hits="1"/>
						<line number="71" hits="1"/>
						<line number="73" hits="1"/>
						<line number="74" hits="1"/>
						<line number="75" hits="1"/>
						<line number="76" hits="1"/>
						<line number="78" hits="1"/>
						<line number="79" hits="1"/>
						<line number="81" hits="1"/>
						<line number="82" hits="1"/>
						<line number="83" hits="1"/>
						<line number="85" hits="1"/>
						<line number="88" hits="1"/>
						<line number="90" hits="1"/>
						<line number="91" hits="0"/>
						<line number="94" hits="1"/>
						<line number="95" hits="0"/>
						<line number="96" hits="0"/>
						<line number="97" hits="0"/>
						<line number="98" hits="0"/>
						<line number="99" hits="0"/>
						<line number="100" hits="0"/>
						<line number="101" hits="0"/>
						<line number="103" hits="1"/>
					</lines>
				</class>
				<class name="ncbi.py" filename="ncbi.py" complexity="0" line-rate="0.2342" branch-rate="0">
					<methods/>
					<lines>
						<line number="3" hits="1"/>
						<line number="4" hits="1"/>
						<line number="5" hits="1"/>
						<line number="6" hits="1"/>
						<line number="7" hits="1"/>
						<line number="8" hits="1"/>
						<line number="11" hits="1"/>
						<line number="12" hits="1"/>
						<line number="15" hits="1"/>
						<line number="17" hits="0"/>
						<line number="18" hits="0"/>
						<line number="20" hits="0"/>
						<line number="21" hits="0"/>
						<line number="22" hits="0"/>
						<line number="23" hits="0"/>
						<line number="34" hits="0"/>
						<line number="35" hits="0"/>
						<line number="36" hits="0"/>
						<line number="37" hits="0"/>
						<line number="38" hits="0"/>
						<line number="40" hits="0"/>
						<line number="41" hits="0"/>
						<line number="42" hits="0"/>
						<line number="44" hits="0"/>
						<line number="45" hits="0"/>
						<line number="47" hits="0"/>
						<line number="48" hits="0"/>
						<line number="50" hits="0"/>
						<line number="51" hits="0"/>
						<line number="52" hits="0"/>
						<line number="53" hits="0"/>
						<line number="54" hits="0"/>
						<line number="55" hits="0"/>
						<line number="57" hits="0"/>
						<line number="58" hits="0"/>
						<line number="59" hits="0"/>
						<line number="60" hits="0"/>
						<line number="62" hits="0"/>
						<line number="64" hits="0"/>
						<line number="65" hits="0"/>
						<line number="66" hits="0"/>
						<line number="68" hits="0"/>
						<line number="69" hits="0"/>
						<line number="70" hits="0"/>
						<line number="72" hits="0"/>
						<line number="74" hits="0"/>
						<line number="75" hits="0"/>
						<line number="80" hits="1"/>
						<line number="83" hits="1"/>
						<line number="91" hits="1"/>
						<line number="92" hits="1"/>
						<line number="93" hits="1"/>
						<line number="94" hits="1"/>
						<line number="95" hits="1"/>
						<line number="96" hits="1"/>
						<line number="99" hits="1"/>
						<line number="106" hits="1"/>
						<line number="107" hits="1"/>
						<line number="108" hits="1"/>
						<line number="111" hits="1"/>
						<line number="113" hits="0"/>
						<line number="114" hits="0"/>
						<line number="118" hits="0"/>
						<line number="119" hits="0"/>
						<line number="140" hits="1"/>
						<line number="148" hits="0"/>
						<line number="149" hits="0"/>
						<line number="151" hits="0"/>
						<line number="152" hits="0"/>
						<line number="153" hits="0"/>
						<line number="154" hits="0"/>
						<line number="155" hits="0"/>
						<line number="156" hits="0"/>
						<line number="157" hits="0"/>
						<line number="158" hits="0"/>
						<line number="160" hits="0"/>
						<line number="161" hits="0"/>
						<line number="162" hits="0"/>
						<line number="163" hits="0"/>
						<line number="165" hits="0"/>
						<line number="177" hits="0"/>
						<line number="180" hits="1"/>
						<line number="182" hits="0"/>
						<line number="183" hits="0"/>
						<line number="184" hits="0"/>
						<line number="185" hits="0"/>
						<line number="186" hits="0"/>
						<line number="187" hits="0"/>
						<line number="188" hits="0"/>
						<line number="189" hits="0"/>
						<line number="190" hits="0"/>
						<line number="191" hits="0"/>
						<line number="192" hits="0"/>
						<line number="193" hits="0"/>
						<line number="196" hits="1"/>
						<line number="198" hits="0"/>
						<line number="199" hits="0"/>
						<line number="202" hits="1"/>
						<line number="204" hits="0"/>
						<line number="205" hits="0"/>
						<line number="206" hits="0"/>
						<line number="207" hits="0"/>
						<line number="211" hits="0"/>
						<line number="212" hits="0"/>
						<line number="214" hits="0"/>
						<line number="215" hits="0"/>
						<line number="216" hits="0"/>
						<line number="217" hits="0"/>
						<line number="218" hits="0"/>
						<line number="219" hits="0"/>
						<line number="220" hits="0"/>
					</lines>
				</class>
				<class name="prune.py" filename="prune.py" complexity="0" line-rate="0.2381" branch-rate="0">
					<methods/>
					<lines>
						<line number="3" hits="1"/>
						<line number="4" hits="1"/>
						<line number="7" hits="1"/>
						<line number="9" hits="0"/>
						<line number="20" hits="1"/>
						<line number="22" hits="0"/>
						<line number="23" hits="0"/>
						<line number="24" hits="0"/>
						<line number="27" hits="1"/>
						<line number="29" hits="0"/>
						<line number="30" hits="0"/>
						<line number="32" hits="0"/>
						<line number="33" hits="0"/>
						<line number="34" hits="0"/>
						<line number="36" hits="0"/>
						<line number="37" hits="0"/>
						<line number="38" hits="0"/>
						<line number="39" hits="0"/>
						<line number="40" hits="0"/>
						<line number="41" hits="0"/>
						<line number="43" hits="0"/>
					</lines>
				</class>
				<class name="scaffold.py" filename="scaffold.py" complexity="0" line-rate="0.5426" branch-rate="0">
					<methods/>
					<lines>
						<line number="3" hits="1"/>
						<line number="4" hits="1"/>
						<line number="5" hits="1"/>
						<line number="6" hits="1"/>
						<line number="9" hits="1"/>
						<line number="10" hits="1"/>
						<line number="13" hits="1"/>
						<line number="15" hits="0"/>
						<line number="17" hits="0"/>
						<line number="18" hits="0"/>
						<line number="19" hits="0"/>
						<line number="20" hits="0"/>
						<line number="22" hits="0"/>
						<line number="23" hits="0"/>
						<line number="24" hits="0"/>
						<line number="26" hits="0"/>
						<line number="29" hits="1"/>
						<line number="35" hits="0"/>
						<line number="36" hits="0"/>
						<line number="37" hits="0"/>
						<line number="38" hits="0"/>
						<line number="39" hits="0"/>
						<line number="40" hits="0"/>
						<line number="41" hits="0"/>
						<line number="42" hits="0"/>
						<line number="44" hits="0"/>
						<line number="47" hits="1"/>
						<line number="49" hits="0"/>
						<line number="50" hits="0"/>
						<line number="51" hits="0"/>
						<line number="54" hits="1"/>
						<line number="56" hits="0"/>
						<line number="57" hits="0"/>
						<line number="59" hits="0"/>
						<line number="60" hits="0"/>
						<line number="62" hits="0"/>
						<line number="63" hits="0"/>
						<line number="64" hits="0"/>
						<line number="65" hits="0"/>
						<line number="66" hits="0"/>
						<line number="68" hits="0"/>
						<line number="69" hits="0"/>
						<line number="71" hits="0"/>
						<line number="72" hits="0"/>
						<line number="74" hits="0"/>
						<line number="75" hits="0"/>
						<line number="76" hits="0"/>
						<line number="77" hits="0"/>
						<line number="79" hits="0"/>
						<line number="82" hits="0"/>
						<line number="84" hits="0"/>
						<line number="87" hits="1"/>
						<line number="93" hits="1"/>
						<line number="94" hits="1"/>
						<line number="95" hits="1"/>
						<line number="96" hits="1"/>
						<line number="97" hits="0"/>
						<line number="98" hits="1"/>
						<line number="99" hits="1"/>
						<line number="100" hits="0"/>
						<line number="101" hits="1"/>
						<line number="102" hits="1"/>
						<line number="103" hits="1"/>
						<line number="104" hits="1"/>
						<line number="105" hits="1"/>
						<line number="106" hits="1"/>
						<line number="107" hits="1"/>
						<line number="108" hits="1"/>
						<line number="109" hits="1"/>
						<line number="110" hits="1"/>
						<line number="113" hits="1"/>
						<line number="124" hits="1"/>
						<line number="125" hits="1"/>
						<line number="127" hits="1"/>
						<line number="128" hits="1"/>
						<line number="130" hits="1"/>
						<line number="131" hits="1"/>
						<line number="133" hits="1"/>
						<line number="134" hits="1"/>
						<line number="135" hits="1"/>
						<line number="136" hits="1"/>
						<line number="137" hits="1"/>
						<line number="138" hits="1"/>
						<line number="140" hits="1"/>
						<line number="141" hits="1"/>
						<line number="142" hits="1"/>
						<line number="143" hits="1"/>
						<line number="144" hits="1"/>
						<line number="145" hits="1"/>
						<line number="146" hits="1"/>
						<line number="147" hits="1"/>
						<line number="148" hits="1"/>
						<line number="149" hits="1"/>
						<line number="151" hits="1"/>
					</lines>
				</class>
				<class name="tritrypdb.py" filename="tritrypdb.py" complexity="0" line-rate="0" branch-rate="0">
					<methods/>
					<lines>
						<line number="3" hits="0"/>
						<line number="4" hits="0"/>
						<line number="5" hits="0"/>
						<line number="7" hits="0"/>
						<line number="10" hits="0"/>
						<line number="11" hits="0"/>
						<line number="14" hits="0"/>
						<line number="16" hits="0"/>
						<line number="17" hits="0"/>
						<line number="19" hits="0"/>
						<line number="20" hits="0"/>
						<line number="22" hits="0"/>
						<line number="23" hits="0"/>
						<line number="25" hits="0"/>
						<line number="26" hits="0"/>
						<line number="27" hits="0"/>
						<line number="33" hits="0"/>
						<line number="34" hits="0"/>
						<line number="36" hits="0"/>
						<line number="37" hits="0"/>
						<line number="40" hits="0"/>
						<line number="41" hits="0"/>
						<line number="43" hits="0"/>
						<line number="45" hits="0"/>
						<line number="46" hits="0"/>
					</lines>
				</class>
				<class name="visualize.py" filename="visualize.py" complexity="0" line-rate="0.06593" branch-rate="0">
					<methods/>
					<lines>
						<line number="3" hits="1"/>
						<line number="4" hits="1"/>
						<line number="6" hits="1"/>
						<line number="9" hits="1"/>
						<line number="26" hits="0"/>
						<line number="27" hits="0"/>
						<line number="29" hits="0"/>
						<line number="30" hits="0"/>
						<line number="33" hits="0"/>
						<line number="34" hits="0"/>
						<line number="36" hits="0"/>
						<line number="37" hits="0"/>
						<line number="39" hits="0"/>
						<line number="40" hits="0"/>
						<line number="43" hits="0"/>
						<line number="45" hits="0"/>
						<line number="47" hits="0"/>
						<line number="48" hits="0"/>
						<line number="51" hits="0"/>
						<line number="52" hits="0"/>
						<line number="53" hits="0"/>
						<line number="54" hits="0"/>
						<line number="56" hits="0"/>
						<line number="57" hits="0"/>
						<line number="58" hits="0"/>
						<line number="61" hits="0"/>
						<line number="62" hits="0"/>
						<line number="63" hits="0"/>
						<line number="65" hits="0"/>
						<line number="66" hits="0"/>
						<line number="68" hits="0"/>
						<line number="69" hits="0"/>
						<line number="70" hits="0"/>
						<line number="72" hits="0"/>
						<line number="75" hits="1"/>
						<line number="90" hits="0"/>
						<line number="92" hits="0"/>
						<line number="93" hits="0"/>
						<line number="95" hits="0"/>
						<line number="96" hits="0"/>
						<line number="98" hits="0"/>
						<line number="99" hits="0"/>
						<line number="101" hits="0"/>
						<line number="103" hits="0"/>
						<line number="104" hits="0"/>
						<line number="105" hits="0"/>
						<line number="106" hits="0"/>
						<line number="107" hits="0"/>
						<line number="108" hits="0"/>
						<line number="110" hits="0"/>
						<line number="111" hits="0"/>
						<line number="113" hits="0"/>
						<line number="114" hits="0"/>
						<line number="115" hits="0"/>
						<line number="117" hits="0"/>
						<line number="120" hits="1"/>
						<line number="129" hits="0"/>
						<line number="131" hits="0"/>
						<line number="132" hits="0"/>
						<line number="134" hits="0"/>
						<line number="135" hits="0"/>
						<line number="138" hits="0"/>
						<line number="139" hits="0"/>
						<line number="140" hits="0"/>
						<line number="141" hits="0"/>
						<line number="142" hits="0"/>
						<line number="143" hits="0"/>
						<line number="145" hits="0"/>
						<line number="147" hits="0"/>
						<line number="148" hits="0"/>
						<line number="151" hits="0"/>
						<line number="152" hits="0"/>
						<line number="153" hits="0"/>
						<line number="154" hits="0"/>
						<line number="155" hits="0"/>
						<line number="158" hits="0"/>
						<line number="159" hits="0"/>
						<line number="160" hits="0"/>
						<line number="161" hits="0"/>
						<line number="162" hits="0"/>
						<line number="165" hits="0"/>
						<line number="166" hits="0"/>
						<line number="167" hits="0"/>
						<line number="168" hits="0"/>
						<line number="169" hits="0"/>
						<line number="171" hits="0"/>
						<line number="173" hits="0"/>
						<line number="174" hits="0"/>
						<line number="176" hits="0"/>
						<line number="177" hits="0"/>
						<line number="179" hits="0"/>
					</lines>
				</class>
				<class name="zenodo.py" filename="zenodo.py" complexity="0" line-rate="0.1839" branch-rate="0">
					<methods/>
					<lines>
						<line number="3" hits="1"/>
						<line number="4" hits="1"/>
						<line number="5" hits="1"/>
						<line number="7" hits="1"/>
						<line number="10" hits="1"/>
						<line number="11" hits="1"/>
						<line number="14" hits="1"/>
						<line number="20" hits="0"/>
						<line number="21" hits="0"/>
						<line number="22" hits="0"/>
						<line number="23" hits="0"/>
						<line number="24" hits="0"/>
						<line number="27" hits="1"/>
						<line number="29" hits="0"/>
						<line number="32" hits="1"/>
						<line number="34" hits="0"/>
						<line number="35" hits="0"/>
						<line number="36" hits="0"/>
						<line number="38" hits="0"/>
						<line number="47" hits="0"/>
						<line number="48" hits="0"/>
						<line number="49" hits="0"/>
						<line number="51" hits="0"/>
						<line number="54" hits="1"/>
						<line number="56" hits="0"/>
						<line number="57" hits="0"/>
						<line number="58" hits="0"/>
						<line number="61" hits="0"/>
						<line number="62" hits="0"/>
						<line number="63" hits="0"/>
						<line number="64" hits="0"/>
						<line number="66" hits="0"/>
						<line number="69" hits="0"/>
						<line number="70" hits="0"/>
						<line number="72" hits="0"/>
						<line number="73" hits="0"/>
						<line number="75" hits="0"/>
						<line number="78" hits="1"/>
						<line number="80" hits="0"/>
						<line number="81" hits="0"/>
						<line number="82" hits="0"/>
						<line number="84" hits="0"/>
						<line number="85" hits="0"/>
						<line number="86" hits="0"/>
						<line number="88" hits="0"/>
						<line number="91" hits="1"/>
						<line number="93" hits="0"/>
						<line number="94" hits="0"/>
						<line number="95" hits="0"/>
						<line number="97" hits="0"/>
						<line number="98" hits="0"/>
						<line number="99" hits="0"/>
						<line number="101" hits="0"/>
						<line number="104" hits="1"/>
						<line number="106" hits="0"/>
						<line number="107" hits="0"/>
						<line number="108" hits="0"/>
						<line number="109" hits="0"/>
						<line number="112" hits="1"/>
						<line number="114" hits="0"/>
						<line number="117" hits="1"/>
						<line number="119" hits="0"/>
						<line number="120" hits="0"/>
						<line number="121" hits="0"/>
						<line number="122" hits="0"/>
						<line number="123" hits="0"/>
						<line number="126" hits="1"/>
						<line number="130" hits="0"/>
						<line number="131" hits="0"/>
						<line number="132" hits="0"/>
						<line number="134" hits="0"/>
						<line number="135" hits="0"/>
						<line number="136" hits="0"/>
						<line number="137" hits="0"/>
						<line number="138" hits="0"/>
						<line number="139" hits="0"/>
						<line number="140" hits="0"/>
						<line number="141" hits="0"/>
						<line number="142" hits="0"/>
						<line number="143" hits="0"/>
						<line number="144" hits="0"/>
						<line number="145" hits="0"/>
						<line number="146" hits="0"/>
						<line number="147" hits="0"/>
						<line number="148" hits="0"/>
						<line number="149" hits="0"/>
						<line number="150" hits="0"/>
					</lines>
				</class>
			</classes>
		</package>
	</packages>
</coverage>
